app/build/intermediates/manifest_merge_blame_file/debug/manifest-merger-blame-debug-report.txt
1<?xml version="1.0" encoding="utf-8"?>
2<manifest xmlns:android="http://schemas.android.com/apk/res/android"
3    package="com.pindex.main"
4    android:versionCode="1"
5    android:versionName="1.0" >
6
7    <uses-sdk
8        android:minSdkVersion="21"
8-->src/main/AndroidManifest.xml
9        android:targetSdkVersion="30" />
9-->src/main/AndroidManifest.xml
10
11    <uses-permission android:name="android.permission.REORDER_TASKS" />
11-->[androidx.fragment:fragment-testing:1.2.5] AndroidManifest.xml:25:5-72
11-->[androidx.fragment:fragment-testing:1.2.5] AndroidManifest.xml:25:22-69
12    <uses-permission android:name="android.permission.INTERNET" />
12-->[com.google.firebase:firebase-auth:20.0.2] AndroidManifest.xml:23:5-67
12-->[com.google.firebase:firebase-auth:20.0.2] AndroidManifest.xml:23:22-64
13    <uses-permission android:name="android.permission.ACCESS_NETWORK_STATE" />
13-->[com.google.firebase:firebase-auth:20.0.2] AndroidManifest.xml:24:5-79
13-->[com.google.firebase:firebase-auth:20.0.2] AndroidManifest.xml:24:22-76
14
15    <application
15-->src/main/AndroidManifest.xml:5:5-22:19
16        android:name="com.pindex.main.MainApplication"
16-->src/main/AndroidManifest.xml:6:9-40
17        android:allowBackup="true"
17-->src/main/AndroidManifest.xml:7:9-35
18        android:appComponentFactory="androidx.core.app.CoreComponentFactory"
18-->[androidx.core:core:1.5.0-alpha01] AndroidManifest.xml:24:18-86
19        android:debuggable="true"
20        android:icon="@mipmap/ic_launcher"
20-->src/main/AndroidManifest.xml:8:9-43
21        android:label="@string/app_name"
21-->src/main/AndroidManifest.xml:9:9-41
22        android:roundIcon="@mipmap/ic_launcher_round"
22-->src/main/AndroidManifest.xml:10:9-54
23        android:supportsRtl="true"
23-->src/main/AndroidManifest.xml:11:9-35
24        android:theme="@style/Theme.Pindex" >
24-->src/main/AndroidManifest.xml:12:9-44
25        <activity android:name="com.pindex.main.home.HomeActivity" >
25-->src/main/AndroidManifest.xml:13:9-18:20
25-->src/main/AndroidManifest.xml:13:19-67
26            <intent-filter>
26-->src/main/AndroidManifest.xml:14:13-17:29
27                <action android:name="android.intent.action.MAIN" />
27-->src/main/AndroidManifest.xml:15:17-69
27-->src/main/AndroidManifest.xml:15:25-66
28
29                <category android:name="android.intent.category.LAUNCHER" />
29-->src/main/AndroidManifest.xml:16:17-77
29-->src/main/AndroidManifest.xml:16:27-74
30            </intent-filter>
31        </activity>
32        <activity
32-->src/main/AndroidManifest.xml:19:9-21:20
33            android:name="com.pindex.main.home.ExperienceActivity"
33-->src/main/AndroidManifest.xml:19:19-73
34            android:parentActivityName="com.pindex.main.home.HomeActivity" >
34-->src/main/AndroidManifest.xml:20:13-60
35        </activity>
36        <activity
36-->[androidx.fragment:fragment-testing:1.2.5] AndroidManifest.xml:28:9-37:20
37            android:name="androidx.fragment.app.testing.FragmentScenario$EmptyFragmentActivity"
37-->[androidx.fragment:fragment-testing:1.2.5] AndroidManifest.xml:29:13-96
38            android:exported="true"
38-->[androidx.fragment:fragment-testing:1.2.5] AndroidManifest.xml:30:13-36
39            android:multiprocess="true"
39-->[androidx.fragment:fragment-testing:1.2.5] AndroidManifest.xml:31:13-40
40            android:taskAffinity=""
40-->[androidx.fragment:fragment-testing:1.2.5] AndroidManifest.xml:32:13-36
41            android:theme="@style/FragmentScenarioEmptyFragmentActivityTheme" >
41-->[androidx.fragment:fragment-testing:1.2.5] AndroidManifest.xml:33:13-78
42            <intent-filter>
42-->[androidx.fragment:fragment-testing:1.2.5] AndroidManifest.xml:34:13-36:29
43                <action android:name="android.intent.action.MAIN" />
43-->src/main/AndroidManifest.xml:15:17-69
43-->src/main/AndroidManifest.xml:15:25-66
44            </intent-filter>
45        </activity>
46
47        <service
47-->[com.google.firebase:firebase-storage-ktx:19.2.1] AndroidManifest.xml:12:9-18:19
48            android:name="com.google.firebase.components.ComponentDiscoveryService"
48-->[com.google.firebase:firebase-storage-ktx:19.2.1] AndroidManifest.xml:13:13-84
49            android:directBootAware="true"
49-->[com.google.firebase:firebase-common:19.5.0] AndroidManifest.xml:35:13-43
50            android:exported="false" >
50-->[com.google.firebase:firebase-storage-ktx:19.2.1] AndroidManifest.xml:14:13-37
51            <meta-data
51-->[com.google.firebase:firebase-storage-ktx:19.2.1] AndroidManifest.xml:15:13-17:85
52                android:name="com.google.firebase.components:com.google.firebase.storage.ktx.FirebaseStorageKtxRegistrar"
52-->[com.google.firebase:firebase-storage-ktx:19.2.1] AndroidManifest.xml:16:17-122
53                android:value="com.google.firebase.components.ComponentRegistrar" />
53-->[com.google.firebase:firebase-storage-ktx:19.2.1] AndroidManifest.xml:17:17-82
54            <meta-data
54-->[com.google.firebase:firebase-firestore-ktx:22.0.1] AndroidManifest.xml:15:13-17:85
55                android:name="com.google.firebase.components:com.google.firebase.firestore.ktx.FirebaseFirestoreKtxRegistrar"
55-->[com.google.firebase:firebase-firestore-ktx:22.0.1] AndroidManifest.xml:16:17-126
56                android:value="com.google.firebase.components.ComponentRegistrar" />
56-->[com.google.firebase:firebase-firestore-ktx:22.0.1] AndroidManifest.xml:17:17-82
57            <meta-data
57-->[com.google.firebase:firebase-auth-ktx:20.0.2] AndroidManifest.xml:11:13-13:85
58                android:name="com.google.firebase.components:com.google.firebase.auth.ktx.FirebaseAuthKtxRegistrar"
58-->[com.google.firebase:firebase-auth-ktx:20.0.2] AndroidManifest.xml:12:17-116
59                android:value="com.google.firebase.components.ComponentRegistrar" />
59-->[com.google.firebase:firebase-auth-ktx:20.0.2] AndroidManifest.xml:13:17-82
60            <meta-data
60-->[com.google.firebase:firebase-common-ktx:19.5.0] AndroidManifest.xml:15:13-17:85
61                android:name="com.google.firebase.components:com.google.firebase.ktx.FirebaseCommonKtxRegistrar"
61-->[com.google.firebase:firebase-common-ktx:19.5.0] AndroidManifest.xml:16:17-113
62                android:value="com.google.firebase.components.ComponentRegistrar" />
62-->[com.google.firebase:firebase-common-ktx:19.5.0] AndroidManifest.xml:17:17-82
63            <meta-data
63-->[com.google.firebase:firebase-auth:20.0.2] AndroidManifest.xml:77:13-79:85
64                android:name="com.google.firebase.components:com.google.firebase.auth.FirebaseAuthRegistrar"
64-->[com.google.firebase:firebase-auth:20.0.2] AndroidManifest.xml:78:17-109
65                android:value="com.google.firebase.components.ComponentRegistrar" />
65-->[com.google.firebase:firebase-auth:20.0.2] AndroidManifest.xml:79:17-82
66            <meta-data
66-->[com.google.firebase:firebase-firestore:22.0.1] AndroidManifest.xml:20:13-22:85
67                android:name="com.google.firebase.components:com.google.firebase.firestore.FirestoreRegistrar"
67-->[com.google.firebase:firebase-firestore:22.0.1] AndroidManifest.xml:21:17-111
68                android:value="com.google.firebase.components.ComponentRegistrar" />
68-->[com.google.firebase:firebase-firestore:22.0.1] AndroidManifest.xml:22:17-82
69            <meta-data
69-->[com.google.firebase:firebase-storage:19.2.1] AndroidManifest.xml:33:13-35:85
70                android:name="com.google.firebase.components:com.google.firebase.storage.StorageRegistrar"
70-->[com.google.firebase:firebase-storage:19.2.1] AndroidManifest.xml:34:17-107
71                android:value="com.google.firebase.components.ComponentRegistrar" />
71-->[com.google.firebase:firebase-storage:19.2.1] AndroidManifest.xml:35:17-82
72            <!--
73                This registrar is not defined in the dynamic-module-support sdk itself to allow non-firebase
74                clients to use it as well, by defining this registrar in their own core/common library.
75            -->
76            <meta-data
76-->[com.google.firebase:firebase-common:19.5.0] AndroidManifest.xml:43:13-45:85
77                android:name="com.google.firebase.components:com.google.firebase.dynamicloading.DynamicLoadingRegistrar"
77-->[com.google.firebase:firebase-common:19.5.0] AndroidManifest.xml:44:17-121
78                android:value="com.google.firebase.components.ComponentRegistrar" />
78-->[com.google.firebase:firebase-common:19.5.0] AndroidManifest.xml:45:17-82
79        </service>
80
81        <activity
81-->[com.google.firebase:firebase-auth:20.0.2] AndroidManifest.xml:27:9-44:20
82            android:name="com.google.firebase.auth.internal.GenericIdpActivity"
82-->[com.google.firebase:firebase-auth:20.0.2] AndroidManifest.xml:28:13-80
83            android:excludeFromRecents="true"
83-->[com.google.firebase:firebase-auth:20.0.2] AndroidManifest.xml:29:13-46
84            android:exported="true"
84-->[com.google.firebase:firebase-auth:20.0.2] AndroidManifest.xml:30:13-36
85            android:launchMode="singleTask"
85-->[com.google.firebase:firebase-auth:20.0.2] AndroidManifest.xml:31:13-44
86            android:theme="@android:style/Theme.Translucent.NoTitleBar" >
86-->[com.google.firebase:firebase-auth:20.0.2] AndroidManifest.xml:32:13-72
87            <intent-filter>
87-->[com.google.firebase:firebase-auth:20.0.2] AndroidManifest.xml:33:13-43:29
88                <action android:name="android.intent.action.VIEW" />
88-->[com.google.firebase:firebase-auth:20.0.2] AndroidManifest.xml:34:17-69
88-->[com.google.firebase:firebase-auth:20.0.2] AndroidManifest.xml:34:25-66
89
90                <category android:name="android.intent.category.DEFAULT" />
90-->[com.google.firebase:firebase-auth:20.0.2] AndroidManifest.xml:36:17-76
90-->[com.google.firebase:firebase-auth:20.0.2] AndroidManifest.xml:36:27-73
91                <category android:name="android.intent.category.BROWSABLE" />
91-->[com.google.firebase:firebase-auth:20.0.2] AndroidManifest.xml:37:17-78
91-->[com.google.firebase:firebase-auth:20.0.2] AndroidManifest.xml:37:27-75
92
93                <data
93-->[com.google.firebase:firebase-auth:20.0.2] AndroidManifest.xml:39:17-42:51
94                    android:host="firebase.auth"
94-->[com.google.firebase:firebase-auth:20.0.2] AndroidManifest.xml:40:21-49
95                    android:path="/"
95-->[com.google.firebase:firebase-auth:20.0.2] AndroidManifest.xml:41:21-37
96                    android:scheme="genericidp" />
96-->[com.google.firebase:firebase-auth:20.0.2] AndroidManifest.xml:42:21-48
97            </intent-filter>
98        </activity>
99        <activity
99-->[com.google.firebase:firebase-auth:20.0.2] AndroidManifest.xml:45:9-62:20
100            android:name="com.google.firebase.auth.internal.RecaptchaActivity"
100-->[com.google.firebase:firebase-auth:20.0.2] AndroidManifest.xml:46:13-79
101            android:excludeFromRecents="true"
101-->[com.google.firebase:firebase-auth:20.0.2] AndroidManifest.xml:47:13-46
102            android:exported="true"
102-->[com.google.firebase:firebase-auth:20.0.2] AndroidManifest.xml:48:13-36
103            android:launchMode="singleTask"
103-->[com.google.firebase:firebase-auth:20.0.2] AndroidManifest.xml:49:13-44
104            android:theme="@android:style/Theme.Translucent.NoTitleBar" >
104-->[com.google.firebase:firebase-auth:20.0.2] AndroidManifest.xml:50:13-72
105            <intent-filter>
105-->[com.google.firebase:firebase-auth:20.0.2] AndroidManifest.xml:51:13-61:29
106                <action android:name="android.intent.action.VIEW" />
106-->[com.google.firebase:firebase-auth:20.0.2] AndroidManifest.xml:34:17-69
106-->[com.google.firebase:firebase-auth:20.0.2] AndroidManifest.xml:34:25-66
107
108                <category android:name="android.intent.category.DEFAULT" />
108-->[com.google.firebase:firebase-auth:20.0.2] AndroidManifest.xml:36:17-76
108-->[com.google.firebase:firebase-auth:20.0.2] AndroidManifest.xml:36:27-73
109                <category android:name="android.intent.category.BROWSABLE" />
109-->[com.google.firebase:firebase-auth:20.0.2] AndroidManifest.xml:37:17-78
109-->[com.google.firebase:firebase-auth:20.0.2] AndroidManifest.xml:37:27-75
110
111                <data
111-->[com.google.firebase:firebase-auth:20.0.2] AndroidManifest.xml:39:17-42:51
112                    android:host="firebase.auth"
112-->[com.google.firebase:firebase-auth:20.0.2] AndroidManifest.xml:40:21-49
113                    android:path="/"
113-->[com.google.firebase:firebase-auth:20.0.2] AndroidManifest.xml:41:21-37
114                    android:scheme="recaptcha" />
114-->[com.google.firebase:firebase-auth:20.0.2] AndroidManifest.xml:42:21-48
115            </intent-filter>
116        </activity>
117
118        <service
118-->[com.google.firebase:firebase-auth:20.0.2] AndroidManifest.xml:64:9-73:19
119            android:name="com.google.firebase.auth.api.fallback.service.FirebaseAuthFallbackService"
119-->[com.google.firebase:firebase-auth:20.0.2] AndroidManifest.xml:65:13-101
120            android:enabled="true"
120-->[com.google.firebase:firebase-auth:20.0.2] AndroidManifest.xml:66:13-35
121            android:exported="false" >
121-->[com.google.firebase:firebase-auth:20.0.2] AndroidManifest.xml:67:13-37
122            <intent-filter>
122-->[com.google.firebase:firebase-auth:20.0.2] AndroidManifest.xml:68:13-72:29
123                <action android:name="com.google.firebase.auth.api.gms.service.START" />
123-->[com.google.firebase:firebase-auth:20.0.2] AndroidManifest.xml:69:17-89
123-->[com.google.firebase:firebase-auth:20.0.2] AndroidManifest.xml:69:25-86
124
125                <category android:name="android.intent.category.DEFAULT" />
125-->[com.google.firebase:firebase-auth:20.0.2] AndroidManifest.xml:36:17-76
125-->[com.google.firebase:firebase-auth:20.0.2] AndroidManifest.xml:36:27-73
126            </intent-filter>
127        </service>
128
129        <provider
129-->[com.google.firebase:firebase-common:19.5.0] AndroidManifest.xml:26:9-31:39
130            android:name="com.google.firebase.provider.FirebaseInitProvider"
130-->[com.google.firebase:firebase-common:19.5.0] AndroidManifest.xml:27:13-77
131            android:authorities="com.pindex.main.firebaseinitprovider"
131-->[com.google.firebase:firebase-common:19.5.0] AndroidManifest.xml:28:13-72
132            android:directBootAware="true"
132-->[com.google.firebase:firebase-common:19.5.0] AndroidManifest.xml:29:13-43
133            android:exported="false"
133-->[com.google.firebase:firebase-common:19.5.0] AndroidManifest.xml:30:13-37
134            android:initOrder="100" />
134-->[com.google.firebase:firebase-common:19.5.0] AndroidManifest.xml:31:13-36
135
136        <activity
136-->[com.google.android.gms:play-services-base:17.1.0] AndroidManifest.xml:23:9-26:75
137            android:name="com.google.android.gms.common.api.GoogleApiActivity"
137-->[com.google.android.gms:play-services-base:17.1.0] AndroidManifest.xml:24:13-79
138            android:exported="false"
138-->[com.google.android.gms:play-services-base:17.1.0] AndroidManifest.xml:25:13-37
139            android:theme="@android:style/Theme.Translucent.NoTitleBar" />
139-->[com.google.android.gms:play-services-base:17.1.0] AndroidManifest.xml:26:13-72
140
141        <meta-data
141-->[com.google.android.gms:play-services-basement:17.1.0] AndroidManifest.xml:23:9-25:69
142            android:name="com.google.android.gms.version"
142-->[com.google.android.gms:play-services-basement:17.1.0] AndroidManifest.xml:24:13-58
143            android:value="@integer/google_play_services_version" />
143-->[com.google.android.gms:play-services-basement:17.1.0] AndroidManifest.xml:25:13-66
144
145        <provider
145-->[androidx.lifecycle:lifecycle-process:2.2.0] AndroidManifest.xml:25:9-29:43
146            android:name="androidx.lifecycle.ProcessLifecycleOwnerInitializer"
146-->[androidx.lifecycle:lifecycle-process:2.2.0] AndroidManifest.xml:26:13-79
147            android:authorities="com.pindex.main.lifecycle-process"
147-->[androidx.lifecycle:lifecycle-process:2.2.0] AndroidManifest.xml:27:13-69
148            android:exported="false"
148-->[androidx.lifecycle:lifecycle-process:2.2.0] AndroidManifest.xml:28:13-37
149            android:multiprocess="true" />
149-->[androidx.lifecycle:lifecycle-process:2.2.0] AndroidManifest.xml:29:13-40
150    </application>
151
152</manifest>